<?xml version="1.0" encoding="UTF-8"?>
<testsuite name="co.edu.uniquindio.prasegured.model.ReporteServiceTest" tests="1" skipped="0" failures="0" errors="0" timestamp="2025-04-06T22:21:48" hostname="DESKTOP-LCDQEA6" time="0.68">
  <properties/>
  <testcase name="eliminarReporte()" classname="co.edu.uniquindio.prasegured.model.ReporteServiceTest" time="0.68"/>
  <system-out><![CDATA[17:21:45.608 [Test worker] INFO org.springframework.test.context.support.AnnotationConfigContextLoaderUtils -- Could not detect default configuration classes for test class [co.edu.uniquindio.prasegured.model.ReporteServiceTest]: ReporteServiceTest does not declare any static, non-private, non-final, nested classes annotated with @Configuration.
17:21:45.694 [Test worker] INFO org.springframework.boot.test.context.SpringBootTestContextBootstrapper -- Found @SpringBootConfiguration co.edu.uniquindio.prasegured.PrASeguRedApplication for test class co.edu.uniquindio.prasegured.model.ReporteServiceTest

  .   ____          _            __ _ _
 /\\ / ___'_ __ _ _(_)_ __  __ _ \ \ \ \
( ( )\___ | '_ | '_| | '_ \/ _` | \ \ \ \
 \\/  ___)| |_)| | | | | || (_| |  ) ) ) )
  '  |____| .__|_| |_|_| |_\__, | / / / /
 =========|_|==============|___/=/_/_/_/
 :: Spring Boot ::                (v3.1.5)

2025-04-06T17:21:46.023-05:00  INFO 25152 --- [    Test worker] c.e.u.p.model.ReporteServiceTest         : Starting ReporteServiceTest using Java 21.0.6 with PID 25152 (started by finia in C:\Users\finia\OneDrive\Escritorio\Avansada\PrASeguRed\PrASeguRed)
2025-04-06T17:21:46.024-05:00  INFO 25152 --- [    Test worker] c.e.u.p.model.ReporteServiceTest         : No active profile set, falling back to 1 default profile: "default"
2025-04-06T17:21:46.640-05:00  INFO 25152 --- [    Test worker] .s.d.r.c.RepositoryConfigurationDelegate : Bootstrapping Spring Data MongoDB repositories in DEFAULT mode.
2025-04-06T17:21:46.692-05:00  INFO 25152 --- [    Test worker] .s.d.r.c.RepositoryConfigurationDelegate : Finished Spring Data repository scanning in 48 ms. Found 5 MongoDB repository interfaces.
2025-04-06T17:21:47.093-05:00  INFO 25152 --- [    Test worker] org.mongodb.driver.client                : MongoClient with metadata {"driver": {"name": "mongo-java-driver|sync|spring-boot", "version": "4.9.1"}, "os": {"type": "Windows", "name": "Windows 11", "architecture": "amd64", "version": "10.0"}, "platform": "Java/Amazon.com Inc./21.0.6+7-LTS"} created with settings MongoClientSettings{readPreference=primary, writeConcern=WriteConcern{w=null, wTimeout=null ms, journal=null}, retryWrites=true, retryReads=true, readConcern=ReadConcern{level=null}, credential=null, streamFactoryFactory=null, commandListeners=[], codecRegistry=ProvidersCodecRegistry{codecProviders=[ValueCodecProvider{}, BsonValueCodecProvider{}, DBRefCodecProvider{}, DBObjectCodecProvider{}, DocumentCodecProvider{}, CollectionCodecProvider{}, IterableCodecProvider{}, MapCodecProvider{}, GeoJsonCodecProvider{}, GridFSFileCodecProvider{}, Jsr310CodecProvider{}, JsonObjectCodecProvider{}, BsonCodecProvider{}, EnumCodecProvider{}, com.mongodb.client.model.mql.ExpressionCodecProvider@7e5efcab, com.mongodb.Jep395RecordCodecProvider@5a4dda2]}, loggerSettings=LoggerSettings{maxDocumentLength=1000}, clusterSettings={hosts=[localhost:27017], srvServiceName=mongodb, mode=SINGLE, requiredClusterType=UNKNOWN, requiredReplicaSetName='null', serverSelector='null', clusterListeners='[]', serverSelectionTimeout='30000 ms', localThreshold='30000 ms'}, socketSettings=SocketSettings{connectTimeoutMS=10000, readTimeoutMS=0, receiveBufferSize=0, sendBufferSize=0}, heartbeatSocketSettings=SocketSettings{connectTimeoutMS=10000, readTimeoutMS=10000, receiveBufferSize=0, sendBufferSize=0}, connectionPoolSettings=ConnectionPoolSettings{maxSize=100, minSize=0, maxWaitTimeMS=120000, maxConnectionLifeTimeMS=0, maxConnectionIdleTimeMS=0, maintenanceInitialDelayMS=0, maintenanceFrequencyMS=60000, connectionPoolListeners=[], maxConnecting=2}, serverSettings=ServerSettings{heartbeatFrequencyMS=10000, minHeartbeatFrequencyMS=500, serverListeners='[]', serverMonitorListeners='[]'}, sslSettings=SslSettings{enabled=false, invalidHostNameAllowed=false, context=null}, applicationName='null', compressorList=[], uuidRepresentation=JAVA_LEGACY, serverApi=null, autoEncryptionSettings=null, contextProvider=null}
2025-04-06T17:21:47.113-05:00  INFO 25152 --- [localhost:27017] org.mongodb.driver.cluster               : Monitor thread successfully connected to server with description ServerDescription{address=localhost:27017, type=STANDALONE, state=CONNECTED, ok=true, minWireVersion=0, maxWireVersion=25, maxDocumentSize=16777216, logicalSessionTimeoutMinutes=30, roundTripTimeNanos=22221900}
2025-04-06T17:21:47.680-05:00  WARN 25152 --- [    Test worker] .s.s.UserDetailsServiceAutoConfiguration : 

Using generated security password: f91d946c-c6f3-4e4e-945e-ce5cd35ed20a

This generated password is for development use only. Your security configuration must be updated before running your application in production.

2025-04-06T17:21:47.781-05:00  INFO 25152 --- [    Test worker] o.s.s.web.DefaultSecurityFilterChain     : Will secure any request with [org.springframework.security.web.session.DisableEncodeUrlFilter@52856ff9, org.springframework.security.web.context.request.async.WebAsyncManagerIntegrationFilter@5aa7cfdf, org.springframework.security.web.context.SecurityContextHolderFilter@38fb151a, org.springframework.security.web.header.HeaderWriterFilter@fd4459b, org.springframework.security.web.authentication.logout.LogoutFilter@40a8a26f, org.springframework.security.web.savedrequest.RequestCacheAwareFilter@1b60d324, org.springframework.security.web.servletapi.SecurityContextHolderAwareRequestFilter@38929da, org.springframework.security.web.authentication.AnonymousAuthenticationFilter@1242d96b, org.springframework.security.web.access.ExceptionTranslationFilter@175ac243, org.springframework.security.web.access.intercept.AuthorizationFilter@61ad30f6]
2025-04-06T17:21:48.252-05:00  INFO 25152 --- [    Test worker] c.e.u.p.model.ReporteServiceTest         : Started ReporteServiceTest in 2.416 seconds (process running for 3.478)
]]></system-out>
  <system-err><![CDATA[WARNING: A Java agent has been loaded dynamically (C:\Users\finia\.gradle\caches\modules-2\files-2.1\net.bytebuddy\byte-buddy-agent\1.14.9\dfb8707031008535048bad2b69735f46d0b6c5e5\byte-buddy-agent-1.14.9.jar)
WARNING: If a serviceability tool is in use, please run with -XX:+EnableDynamicAgentLoading to hide this warning
WARNING: If a serviceability tool is not in use, please run with -Djdk.instrument.traceUsage for more information
WARNING: Dynamic loading of agents will be disallowed by default in a future release
]]></system-err>
</testsuite>
