<?xml version="1.0" encoding="UTF-8"?>
<testsuite name="co.edu.uniquindio.prasegured.model.ComentarioTest" tests="1" skipped="0" failures="0" errors="0" timestamp="2025-04-06T19:12:06" hostname="DESKTOP-LCDQEA6" time="0.692">
  <properties/>
  <testcase name="guardarComentario_enMongoDB()" classname="co.edu.uniquindio.prasegured.model.ComentarioTest" time="0.692"/>
  <system-out><![CDATA[14:12:03.546 [Test worker] INFO org.springframework.test.context.support.AnnotationConfigContextLoaderUtils -- Could not detect default configuration classes for test class [co.edu.uniquindio.prasegured.model.ComentarioTest]: ComentarioTest does not declare any static, non-private, non-final, nested classes annotated with @Configuration.
14:12:03.635 [Test worker] INFO org.springframework.boot.test.context.SpringBootTestContextBootstrapper -- Found @SpringBootConfiguration co.edu.uniquindio.prasegured.PrASeguRedApplication for test class co.edu.uniquindio.prasegured.model.ComentarioTest

  .   ____          _            __ _ _
 /\\ / ___'_ __ _ _(_)_ __  __ _ \ \ \ \
( ( )\___ | '_ | '_| | '_ \/ _` | \ \ \ \
 \\/  ___)| |_)| | | | | || (_| |  ) ) ) )
  '  |____| .__|_| |_|_| |_\__, | / / / /
 =========|_|==============|___/=/_/_/_/
 :: Spring Boot ::                (v3.1.5)

2025-04-06T14:12:03.974-05:00  INFO 8912 --- [    Test worker] c.e.u.prasegured.model.ComentarioTest    : Starting ComentarioTest using Java 21.0.6 with PID 8912 (started by finia in C:\Users\finia\OneDrive\Escritorio\Avansada\PrASeguRed\PrASeguRed)
2025-04-06T14:12:03.975-05:00  INFO 8912 --- [    Test worker] c.e.u.prasegured.model.ComentarioTest    : No active profile set, falling back to 1 default profile: "default"
2025-04-06T14:12:04.597-05:00  INFO 8912 --- [    Test worker] .s.d.r.c.RepositoryConfigurationDelegate : Bootstrapping Spring Data MongoDB repositories in DEFAULT mode.
2025-04-06T14:12:04.655-05:00  INFO 8912 --- [    Test worker] .s.d.r.c.RepositoryConfigurationDelegate : Finished Spring Data repository scanning in 55 ms. Found 5 MongoDB repository interfaces.
2025-04-06T14:12:05.052-05:00  INFO 8912 --- [    Test worker] org.mongodb.driver.client                : MongoClient with metadata {"driver": {"name": "mongo-java-driver|sync|spring-boot", "version": "4.9.1"}, "os": {"type": "Windows", "name": "Windows 11", "architecture": "amd64", "version": "10.0"}, "platform": "Java/Amazon.com Inc./21.0.6+7-LTS"} created with settings MongoClientSettings{readPreference=primary, writeConcern=WriteConcern{w=null, wTimeout=null ms, journal=null}, retryWrites=true, retryReads=true, readConcern=ReadConcern{level=null}, credential=null, streamFactoryFactory=null, commandListeners=[], codecRegistry=ProvidersCodecRegistry{codecProviders=[ValueCodecProvider{}, BsonValueCodecProvider{}, DBRefCodecProvider{}, DBObjectCodecProvider{}, DocumentCodecProvider{}, CollectionCodecProvider{}, IterableCodecProvider{}, MapCodecProvider{}, GeoJsonCodecProvider{}, GridFSFileCodecProvider{}, Jsr310CodecProvider{}, JsonObjectCodecProvider{}, BsonCodecProvider{}, EnumCodecProvider{}, com.mongodb.client.model.mql.ExpressionCodecProvider@395f52ed, com.mongodb.Jep395RecordCodecProvider@7a84788f]}, loggerSettings=LoggerSettings{maxDocumentLength=1000}, clusterSettings={hosts=[localhost:27017], srvServiceName=mongodb, mode=SINGLE, requiredClusterType=UNKNOWN, requiredReplicaSetName='null', serverSelector='null', clusterListeners='[]', serverSelectionTimeout='30000 ms', localThreshold='30000 ms'}, socketSettings=SocketSettings{connectTimeoutMS=10000, readTimeoutMS=0, receiveBufferSize=0, sendBufferSize=0}, heartbeatSocketSettings=SocketSettings{connectTimeoutMS=10000, readTimeoutMS=10000, receiveBufferSize=0, sendBufferSize=0}, connectionPoolSettings=ConnectionPoolSettings{maxSize=100, minSize=0, maxWaitTimeMS=120000, maxConnectionLifeTimeMS=0, maxConnectionIdleTimeMS=0, maintenanceInitialDelayMS=0, maintenanceFrequencyMS=60000, connectionPoolListeners=[], maxConnecting=2}, serverSettings=ServerSettings{heartbeatFrequencyMS=10000, minHeartbeatFrequencyMS=500, serverListeners='[]', serverMonitorListeners='[]'}, sslSettings=SslSettings{enabled=false, invalidHostNameAllowed=false, context=null}, applicationName='null', compressorList=[], uuidRepresentation=JAVA_LEGACY, serverApi=null, autoEncryptionSettings=null, contextProvider=null}
2025-04-06T14:12:05.071-05:00  INFO 8912 --- [localhost:27017] org.mongodb.driver.cluster               : Monitor thread successfully connected to server with description ServerDescription{address=localhost:27017, type=STANDALONE, state=CONNECTED, ok=true, minWireVersion=0, maxWireVersion=25, maxDocumentSize=16777216, logicalSessionTimeoutMinutes=30, roundTripTimeNanos=22646899}
2025-04-06T14:12:05.660-05:00  WARN 8912 --- [    Test worker] .s.s.UserDetailsServiceAutoConfiguration : 

Using generated security password: 9e7a8e67-c72e-4626-bb98-746c443f62ba

This generated password is for development use only. Your security configuration must be updated before running your application in production.

2025-04-06T14:12:05.750-05:00  INFO 8912 --- [    Test worker] o.s.s.web.DefaultSecurityFilterChain     : Will secure any request with [org.springframework.security.web.session.DisableEncodeUrlFilter@39a3984c, org.springframework.security.web.context.request.async.WebAsyncManagerIntegrationFilter@4404a6b, org.springframework.security.web.context.SecurityContextHolderFilter@250a946, org.springframework.security.web.header.HeaderWriterFilter@79d49790, org.springframework.security.web.authentication.logout.LogoutFilter@24fc2c80, org.springframework.security.web.savedrequest.RequestCacheAwareFilter@2ffb0d10, org.springframework.security.web.servletapi.SecurityContextHolderAwareRequestFilter@38dbeb39, org.springframework.security.web.authentication.AnonymousAuthenticationFilter@671da0f9, org.springframework.security.web.access.ExceptionTranslationFilter@6f6c8d45, org.springframework.security.web.access.intercept.AuthorizationFilter@b86cb18]
2025-04-06T14:12:06.181-05:00  INFO 8912 --- [    Test worker] c.e.u.prasegured.model.ComentarioTest    : Started ComentarioTest in 2.394 seconds (process running for 3.414)
]]></system-out>
  <system-err><![CDATA[WARNING: A Java agent has been loaded dynamically (C:\Users\finia\.gradle\caches\modules-2\files-2.1\net.bytebuddy\byte-buddy-agent\1.14.9\dfb8707031008535048bad2b69735f46d0b6c5e5\byte-buddy-agent-1.14.9.jar)
WARNING: If a serviceability tool is in use, please run with -XX:+EnableDynamicAgentLoading to hide this warning
WARNING: If a serviceability tool is not in use, please run with -Djdk.instrument.traceUsage for more information
WARNING: Dynamic loading of agents will be disallowed by default in a future release
]]></system-err>
</testsuite>
