<?xml version="1.0" encoding="UTF-8"?>
<testsuite name="co.edu.uniquindio.prasegured.model.ComentarioTest" tests="1" skipped="0" failures="0" errors="0" timestamp="2025-04-06T21:46:54" hostname="DESKTOP-LCDQEA6" time="0.718">
  <properties/>
  <testcase name="eliminarComentario_enMongoDB()" classname="co.edu.uniquindio.prasegured.model.ComentarioTest" time="0.718"/>
  <system-out><![CDATA[16:46:51.572 [Test worker] INFO org.springframework.test.context.support.AnnotationConfigContextLoaderUtils -- Could not detect default configuration classes for test class [co.edu.uniquindio.prasegured.model.ComentarioTest]: ComentarioTest does not declare any static, non-private, non-final, nested classes annotated with @Configuration.
16:46:51.659 [Test worker] INFO org.springframework.boot.test.context.SpringBootTestContextBootstrapper -- Found @SpringBootConfiguration co.edu.uniquindio.prasegured.PrASeguRedApplication for test class co.edu.uniquindio.prasegured.model.ComentarioTest

  .   ____          _            __ _ _
 /\\ / ___'_ __ _ _(_)_ __  __ _ \ \ \ \
( ( )\___ | '_ | '_| | '_ \/ _` | \ \ \ \
 \\/  ___)| |_)| | | | | || (_| |  ) ) ) )
  '  |____| .__|_| |_|_| |_\__, | / / / /
 =========|_|==============|___/=/_/_/_/
 :: Spring Boot ::                (v3.1.5)

2025-04-06T16:46:51.981-05:00  INFO 18888 --- [    Test worker] c.e.u.prasegured.model.ComentarioTest    : Starting ComentarioTest using Java 21.0.6 with PID 18888 (started by finia in C:\Users\finia\OneDrive\Escritorio\Avansada\PrASeguRed\PrASeguRed)
2025-04-06T16:46:51.982-05:00  INFO 18888 --- [    Test worker] c.e.u.prasegured.model.ComentarioTest    : No active profile set, falling back to 1 default profile: "default"
2025-04-06T16:46:52.607-05:00  INFO 18888 --- [    Test worker] .s.d.r.c.RepositoryConfigurationDelegate : Bootstrapping Spring Data MongoDB repositories in DEFAULT mode.
2025-04-06T16:46:52.664-05:00  INFO 18888 --- [    Test worker] .s.d.r.c.RepositoryConfigurationDelegate : Finished Spring Data repository scanning in 53 ms. Found 5 MongoDB repository interfaces.
2025-04-06T16:46:53.062-05:00  INFO 18888 --- [    Test worker] org.mongodb.driver.client                : MongoClient with metadata {"driver": {"name": "mongo-java-driver|sync|spring-boot", "version": "4.9.1"}, "os": {"type": "Windows", "name": "Windows 11", "architecture": "amd64", "version": "10.0"}, "platform": "Java/Amazon.com Inc./21.0.6+7-LTS"} created with settings MongoClientSettings{readPreference=primary, writeConcern=WriteConcern{w=null, wTimeout=null ms, journal=null}, retryWrites=true, retryReads=true, readConcern=ReadConcern{level=null}, credential=null, streamFactoryFactory=null, commandListeners=[], codecRegistry=ProvidersCodecRegistry{codecProviders=[ValueCodecProvider{}, BsonValueCodecProvider{}, DBRefCodecProvider{}, DBObjectCodecProvider{}, DocumentCodecProvider{}, CollectionCodecProvider{}, IterableCodecProvider{}, MapCodecProvider{}, GeoJsonCodecProvider{}, GridFSFileCodecProvider{}, Jsr310CodecProvider{}, JsonObjectCodecProvider{}, BsonCodecProvider{}, EnumCodecProvider{}, com.mongodb.client.model.mql.ExpressionCodecProvider@dbed7fd, com.mongodb.Jep395RecordCodecProvider@250d440]}, loggerSettings=LoggerSettings{maxDocumentLength=1000}, clusterSettings={hosts=[localhost:27017], srvServiceName=mongodb, mode=SINGLE, requiredClusterType=UNKNOWN, requiredReplicaSetName='null', serverSelector='null', clusterListeners='[]', serverSelectionTimeout='30000 ms', localThreshold='30000 ms'}, socketSettings=SocketSettings{connectTimeoutMS=10000, readTimeoutMS=0, receiveBufferSize=0, sendBufferSize=0}, heartbeatSocketSettings=SocketSettings{connectTimeoutMS=10000, readTimeoutMS=10000, receiveBufferSize=0, sendBufferSize=0}, connectionPoolSettings=ConnectionPoolSettings{maxSize=100, minSize=0, maxWaitTimeMS=120000, maxConnectionLifeTimeMS=0, maxConnectionIdleTimeMS=0, maintenanceInitialDelayMS=0, maintenanceFrequencyMS=60000, connectionPoolListeners=[], maxConnecting=2}, serverSettings=ServerSettings{heartbeatFrequencyMS=10000, minHeartbeatFrequencyMS=500, serverListeners='[]', serverMonitorListeners='[]'}, sslSettings=SslSettings{enabled=false, invalidHostNameAllowed=false, context=null}, applicationName='null', compressorList=[], uuidRepresentation=JAVA_LEGACY, serverApi=null, autoEncryptionSettings=null, contextProvider=null}
2025-04-06T16:46:53.083-05:00  INFO 18888 --- [localhost:27017] org.mongodb.driver.cluster               : Monitor thread successfully connected to server with description ServerDescription{address=localhost:27017, type=STANDALONE, state=CONNECTED, ok=true, minWireVersion=0, maxWireVersion=25, maxDocumentSize=16777216, logicalSessionTimeoutMinutes=30, roundTripTimeNanos=24109200}
2025-04-06T16:46:53.597-05:00  WARN 18888 --- [    Test worker] .s.s.UserDetailsServiceAutoConfiguration : 

Using generated security password: 2af1976c-b5cf-4abb-b0fd-bc9ea18c3e8f

This generated password is for development use only. Your security configuration must be updated before running your application in production.

2025-04-06T16:46:53.696-05:00  INFO 18888 --- [    Test worker] o.s.s.web.DefaultSecurityFilterChain     : Will secure any request with [org.springframework.security.web.session.DisableEncodeUrlFilter@61ad30f6, org.springframework.security.web.context.request.async.WebAsyncManagerIntegrationFilter@312f3050, org.springframework.security.web.context.SecurityContextHolderFilter@fd4459b, org.springframework.security.web.header.HeaderWriterFilter@5529522f, org.springframework.security.web.authentication.logout.LogoutFilter@5be7b749, org.springframework.security.web.savedrequest.RequestCacheAwareFilter@517a46f3, org.springframework.security.web.servletapi.SecurityContextHolderAwareRequestFilter@182e4365, org.springframework.security.web.authentication.AnonymousAuthenticationFilter@615bad16, org.springframework.security.web.access.ExceptionTranslationFilter@126a9a3d, org.springframework.security.web.access.intercept.AuthorizationFilter@5560b64d]
2025-04-06T16:46:54.141-05:00  INFO 18888 --- [    Test worker] c.e.u.prasegured.model.ComentarioTest    : Started ComentarioTest in 2.346 seconds (process running for 3.315)
]]></system-out>
  <system-err><![CDATA[WARNING: A Java agent has been loaded dynamically (C:\Users\finia\.gradle\caches\modules-2\files-2.1\net.bytebuddy\byte-buddy-agent\1.14.9\dfb8707031008535048bad2b69735f46d0b6c5e5\byte-buddy-agent-1.14.9.jar)
WARNING: If a serviceability tool is in use, please run with -XX:+EnableDynamicAgentLoading to hide this warning
WARNING: If a serviceability tool is not in use, please run with -Djdk.instrument.traceUsage for more information
WARNING: Dynamic loading of agents will be disallowed by default in a future release
]]></system-err>
</testsuite>
